=== PNG -> RAW/PAL 일괄 변환 시작 ===
스크립트 위치: C:\Users\PC\Desktop\YD_Unity\DOSBOX\ORIGIN\data\Image\PNGs
검색 대상: C:\Users\PC\Desktop\YD_Unity\DOSBOX\ORIGIN\data\Image\PNGs
발견된 PNG 파일 수: 18
------------------------------------------------------------
처리 시작: BB_0.png
열기 성공: mode=RGBA, size=(320, 200)
RGB 변환 완료
256색 인덱스 변환 완료
RAW 데이터 생성 완료: 64000 bytes
원본 팔레트 길이: 3 bytes
팔레트 0~255 -> 0~63 변환 완료
BB_0.RAW 저장 완료
BB_0.PAL 저장 완료
BB_0.RAW 크기 정상: 64000 bytes
BB_0.PAL 크기 정상: 768 bytes
처리 완료: BB_0.png
------------------------------------------------------------
처리 시작: BB_1.png
열기 성공: mode=RGBA, size=(320, 200)
RGB 변환 완료
256색 인덱스 변환 완료
RAW 데이터 생성 완료: 64000 bytes
원본 팔레트 길이: 576 bytes
팔레트 0~255 -> 0~63 변환 완료
BB_1.RAW 저장 완료
BB_1.PAL 저장 완료
BB_1.RAW 크기 정상: 64000 bytes
BB_1.PAL 크기 정상: 768 bytes
처리 완료: BB_1.png
------------------------------------------------------------
처리 시작: BB_10.png
열기 성공: mode=RGBA, size=(320, 200)
RGB 변환 완료
256색 인덱스 변환 완료
RAW 데이터 생성 완료: 64000 bytes
원본 팔레트 길이: 768 bytes
팔레트 0~255 -> 0~63 변환 완료
BB_10.RAW 저장 완료
BB_10.PAL 저장 완료
BB_10.RAW 크기 정상: 64000 bytes
BB_10.PAL 크기 정상: 768 bytes
처리 완료: BB_10.png
------------------------------------------------------------
처리 시작: BB_11.png
열기 성공: mode=RGBA, size=(320, 200)
RGB 변환 완료
256색 인덱스 변환 완료
RAW 데이터 생성 완료: 64000 bytes
원본 팔레트 길이: 768 bytes
팔레트 0~255 -> 0~63 변환 완료
BB_11.RAW 저장 완료
BB_11.PAL 저장 완료
BB_11.RAW 크기 정상: 64000 bytes
BB_11.PAL 크기 정상: 768 bytes
처리 완료: BB_11.png
------------------------------------------------------------
처리 시작: BB_12.png
열기 성공: mode=RGBA, size=(320, 200)
RGB 변환 완료
256색 인덱스 변환 완료
RAW 데이터 생성 완료: 64000 bytes
원본 팔레트 길이: 768 bytes
팔레트 0~255 -> 0~63 변환 완료
BB_12.RAW 저장 완료
BB_12.PAL 저장 완료
BB_12.RAW 크기 정상: 64000 bytes
BB_12.PAL 크기 정상: 768 bytes
처리 완료: BB_12.png
------------------------------------------------------------
처리 시작: BB_13.png
열기 성공: mode=RGBA, size=(320, 200)
RGB 변환 완료
256색 인덱스 변환 완료
RAW 데이터 생성 완료: 64000 bytes
원본 팔레트 길이: 768 bytes
팔레트 0~255 -> 0~63 변환 완료
BB_13.RAW 저장 완료
BB_13.PAL 저장 완료
BB_13.RAW 크기 정상: 64000 bytes
BB_13.PAL 크기 정상: 768 bytes
처리 완료: BB_13.png
------------------------------------------------------------
처리 시작: BB_14.png
열기 성공: mode=RGBA, size=(320, 200)
RGB 변환 완료
256색 인덱스 변환 완료
RAW 데이터 생성 완료: 64000 bytes
원본 팔레트 길이: 768 bytes
팔레트 0~255 -> 0~63 변환 완료
BB_14.RAW 저장 완료
BB_14.PAL 저장 완료
BB_14.RAW 크기 정상: 64000 bytes
BB_14.PAL 크기 정상: 768 bytes
처리 완료: BB_14.png
------------------------------------------------------------
처리 시작: BB_15.png
열기 성공: mode=RGBA, size=(320, 200)
RGB 변환 완료
256색 인덱스 변환 완료
RAW 데이터 생성 완료: 64000 bytes
원본 팔레트 길이: 768 bytes
팔레트 0~255 -> 0~63 변환 완료
BB_15.RAW 저장 완료
BB_15.PAL 저장 완료
BB_15.RAW 크기 정상: 64000 bytes
BB_15.PAL 크기 정상: 768 bytes
처리 완료: BB_15.png
------------------------------------------------------------
처리 시작: BB_2.png
열기 성공: mode=RGBA, size=(320, 200)
RGB 변환 완료
256색 인덱스 변환 완료
RAW 데이터 생성 완료: 64000 bytes
원본 팔레트 길이: 768 bytes
팔레트 0~255 -> 0~63 변환 완료
BB_2.RAW 저장 완료
BB_2.PAL 저장 완료
BB_2.RAW 크기 정상: 64000 bytes
BB_2.PAL 크기 정상: 768 bytes
처리 완료: BB_2.png
------------------------------------------------------------
처리 시작: BB_3.png
열기 성공: mode=RGBA, size=(320, 200)
RGB 변환 완료
256색 인덱스 변환 완료
RAW 데이터 생성 완료: 64000 bytes
원본 팔레트 길이: 768 bytes
팔레트 0~255 -> 0~63 변환 완료
BB_3.RAW 저장 완료
BB_3.PAL 저장 완료
BB_3.RAW 크기 정상: 64000 bytes
BB_3.PAL 크기 정상: 768 bytes
처리 완료: BB_3.png
------------------------------------------------------------
처리 시작: BB_4.png
열기 성공: mode=RGBA, size=(320, 200)
RGB 변환 완료
256색 인덱스 변환 완료
RAW 데이터 생성 완료: 64000 bytes
원본 팔레트 길이: 768 bytes
팔레트 0~255 -> 0~63 변환 완료
BB_4.RAW 저장 완료
BB_4.PAL 저장 완료
BB_4.RAW 크기 정상: 64000 bytes
BB_4.PAL 크기 정상: 768 bytes
처리 완료: BB_4.png
------------------------------------------------------------
처리 시작: BB_5.png
열기 성공: mode=RGBA, size=(320, 200)
RGB 변환 완료
256색 인덱스 변환 완료
RAW 데이터 생성 완료: 64000 bytes
원본 팔레트 길이: 768 bytes
팔레트 0~255 -> 0~63 변환 완료
BB_5.RAW 저장 완료
BB_5.PAL 저장 완료
BB_5.RAW 크기 정상: 64000 bytes
BB_5.PAL 크기 정상: 768 bytes
처리 완료: BB_5.png
------------------------------------------------------------
처리 시작: BB_6.png
열기 성공: mode=RGBA, size=(320, 200)
RGB 변환 완료
256색 인덱스 변환 완료
RAW 데이터 생성 완료: 64000 bytes
원본 팔레트 길이: 768 bytes
팔레트 0~255 -> 0~63 변환 완료
BB_6.RAW 저장 완료
BB_6.PAL 저장 완료
BB_6.RAW 크기 정상: 64000 bytes
BB_6.PAL 크기 정상: 768 bytes
처리 완료: BB_6.png
------------------------------------------------------------
처리 시작: BB_7.png
열기 성공: mode=RGBA, size=(320, 200)
RGB 변환 완료
256색 인덱스 변환 완료
RAW 데이터 생성 완료: 64000 bytes
원본 팔레트 길이: 768 bytes
팔레트 0~255 -> 0~63 변환 완료
BB_7.RAW 저장 완료
BB_7.PAL 저장 완료
BB_7.RAW 크기 정상: 64000 bytes
BB_7.PAL 크기 정상: 768 bytes
처리 완료: BB_7.png
------------------------------------------------------------
처리 시작: BB_8.png
열기 성공: mode=RGBA, size=(320, 200)
RGB 변환 완료
256색 인덱스 변환 완료
RAW 데이터 생성 완료: 64000 bytes
원본 팔레트 길이: 768 bytes
팔레트 0~255 -> 0~63 변환 완료
BB_8.RAW 저장 완료
BB_8.PAL 저장 완료
BB_8.RAW 크기 정상: 64000 bytes
BB_8.PAL 크기 정상: 768 bytes
처리 완료: BB_8.png
------------------------------------------------------------
처리 시작: BB_9.png
열기 성공: mode=RGBA, size=(320, 200)
RGB 변환 완료
256색 인덱스 변환 완료
RAW 데이터 생성 완료: 64000 bytes
원본 팔레트 길이: 768 bytes
팔레트 0~255 -> 0~63 변환 완료
BB_9.RAW 저장 완료
BB_9.PAL 저장 완료
BB_9.RAW 크기 정상: 64000 bytes
BB_9.PAL 크기 정상: 768 bytes
처리 완료: BB_9.png
------------------------------------------------------------
처리 시작: LOGO.png
열기 성공: mode=RGBA, size=(320, 200)
RGB 변환 완료
256색 인덱스 변환 완료
RAW 데이터 생성 완료: 64000 bytes
원본 팔레트 길이: 24 bytes
팔레트 0~255 -> 0~63 변환 완료
LOGO.RAW 저장 완료
LOGO.PAL 저장 완료
LOGO.RAW 크기 정상: 64000 bytes
LOGO.PAL 크기 정상: 768 bytes
처리 완료: LOGO.png
------------------------------------------------------------
처리 시작: Title.png
열기 성공: mode=RGBA, size=(320, 200)
RGB 변환 완료
256색 인덱스 변환 완료
RAW 데이터 생성 완료: 64000 bytes
원본 팔레트 길이: 768 bytes
팔레트 0~255 -> 0~63 변환 완료
Title.RAW 저장 완료
Title.PAL 저장 완료
Title.RAW 크기 정상: 64000 bytes
Title.PAL 크기 정상: 768 bytes
처리 완료: Title.png
------------------------------------------------------------
성공: 18
실패: 0
=== 변환 종료 ===
